22:38:09.444 [main                     ] DEBUG Logger               - Configured Logger
22:38:09.485 [main                     ] DEBUG GameApplication      - Logging settings
Title: Airport
Version: 0.1
Width: 800
Height: 450
Fullscreen: false
Intro: false
Profiling: false
Single step:false
App Mode: DEVELOPER
Menu Key: ESCAPE
Stage Style: DECORATED
Scene Factory: class com.almasb.fxgl.app.scene.SceneFactory

22:38:09.932 [JavaFX Application Thread] DEBUG FXGLApplication      - Initializing FXGL
22:38:09.939 [JavaFX Application Thread] INFO  Engine               - FXGL-17.2 (20.08.2022 16.50) on WINDOWS (J:17.0.9 FX:17.0.2-ea)
22:38:09.939 [JavaFX Application Thread] DEBUG Engine               - JRE Vendor Name: Amazon.com Inc.
22:38:09.939 [JavaFX Application Thread] DEBUG Engine               - Running on OS: Windows 11 version 10.0
22:38:09.939 [JavaFX Application Thread] DEBUG Engine               - Architecture: amd64
22:38:09.939 [JavaFX Application Thread] INFO  Engine               - Source code and latest versions at: https://github.com/AlmasB/FXGL
22:38:09.940 [JavaFX Application Thread] INFO  Engine               -       Ask questions and discuss at: https://github.com/AlmasB/FXGL/discussions
22:38:09.940 [JavaFX Application Thread] INFO  Engine               -              Join the FXGL chat at: https://gitter.im/AlmasB/FXGL
22:38:10.055 [JavaFX Application Thread] DEBUG PrimaryStageWindow   - Creating a JavaFX scene
22:38:10.111 [JavaFX Application Thread] DEBUG PrimaryStageWindow   - Target settings size: 800.0 x 450.0
22:38:10.111 [JavaFX Application Thread] DEBUG PrimaryStageWindow   - Scaled scene size:    800.0 x 450.0
22:38:10.111 [JavaFX Application Thread] DEBUG PrimaryStageWindow   - Scaled ratio: (1.0, 1.0)
22:38:10.113 [JavaFX Application Thread] DEBUG PrimaryStageWindow   - Set initial scene to FXGLStartupScene
22:38:10.123 [JavaFX Application Thread] DEBUG PrimaryStageWindow   - Opening main window
22:38:10.238 [JavaFX Application Thread] DEBUG PrimaryStageWindow   - Window border size: (14.4000244140625, 38.0)
22:38:10.239 [JavaFX Application Thread] DEBUG PrimaryStageWindow   - Scaled size: 800.0 x 450.0
22:38:10.239 [JavaFX Application Thread] DEBUG PrimaryStageWindow   - Scaled ratio: (1.0, 1.0)
22:38:10.239 [JavaFX Application Thread] DEBUG PrimaryStageWindow   - Scene size: 800.0 x 450.0
22:38:10.239 [JavaFX Application Thread] DEBUG PrimaryStageWindow   - Stage size: 814.4000244140625 x 488.0
22:38:10.251 [FXGL Background Thread 1 ] DEBUG Engine               - Initializing environment variables
22:38:10.301 [FXGL Background Thread 1 ] DEBUG FXGLAssetLoaderServi - User app class for loading assets: class com.example.airport.GameStart
22:38:10.301 [FXGL Background Thread 1 ] DEBUG GameApplicationServi - Applying CSS: fxgl_dark.css
22:38:10.302 [FXGL Background Thread 1 ] DEBUG FXGLAssetLoaderServi - Loading from file system: jar:file:///C:/Users/darin/.m2/repository/com/github/almasb/fxgl/17.2/fxgl-17.2.jar!/fxglassets/ui/css/fxgl_dark.css
22:38:10.362 [FXGL Background Thread 1 ] DEBUG GameApplicationServi - Initializing application scenes
22:38:10.449 [FXGL Background Thread 1 ] DEBUG GameWorld            - Game world initialized
22:38:10.536 [FXGL Background Thread 1 ] DEBUG PhysicsWorld         - Physics world initialized: appHeight=450, physics.ppm=50.0
22:38:10.536 [FXGL Background Thread 1 ] DEBUG PhysicsWorld         - Using strategy: BRUTE_FORCE
22:38:10.544 [FXGL Background Thread 1 ] DEBUG GameScene            - Game scene initialized: 800x450
22:38:10.560 [FXGL Background Thread 1 ] WARN  FXGL.DefaultMenu     - FXGLDefaultMenu is not designed for resolutions < 800x600
22:38:10.561 [FXGL Background Thread 1 ] DEBUG FXGL.DefaultMenu     - createMenuBodyMainMenu()
22:38:10.582 [FXGL Background Thread 1 ] DEBUG FXGL.DefaultMenu     - createOptionsMenu()
22:38:10.601 [FXGL Background Thread 1 ] DEBUG FXGLAssetLoaderServi - Loading from file system: jar:file:///C:/Users/darin/.m2/repository/com/github/almasb/fxgl/17.2/fxgl-17.2.jar!/fxglassets/textures/particles/smoke.png
22:38:10.734 [FXGL Background Thread 1 ] DEBUG FXGLAssetLoaderServi - Loading from file system: jar:file:///C:/Users/darin/.m2/repository/com/github/almasb/fxgl/17.2/fxgl-17.2.jar!/fxglassets/textures/particles/trace_horizontal.png
22:38:10.784 [FXGL Background Thread 1 ] WARN  FXGL.DefaultMenu     - FXGLDefaultMenu is not designed for resolutions < 800x600
22:38:10.784 [FXGL Background Thread 1 ] DEBUG FXGL.DefaultMenu     - createMenuBodyGameMenu()
22:38:10.785 [FXGL Background Thread 1 ] DEBUG FXGL.DefaultMenu     - createOptionsMenu()
22:38:10.803 [FXGL Background Thread 1 ] DEBUG GameApplicationServi - Application scenes initialized
22:38:10.826 [FXGL Background Thread 1 ] DEBUG SystemBundleService  - Loading FXGL system data
22:38:10.836 [FXGL Background Thread 1 ] DEBUG FileSystemAccess     - Reading from: C:\Users\darin\Desktop\Darinel\Programacion\airport\system\fxgl.bundle
22:38:10.845 [FXGL Background Thread 1 ] DEBUG SystemBundleService  - Bundle FXGL: {}
22:38:10.846 [FXGL Background Thread 1 ] DEBUG UpdaterService       - Checking for updates
22:38:10.854 [FXGL Background Thread 4 ] DEBUG FXGLApplication      - Loading fonts
22:38:10.854 [FXGL Background Thread 4 ] DEBUG FXGLAssetLoaderServi - Loading from file system: jar:file:///C:/Users/darin/.m2/repository/com/github/almasb/fxgl/17.2/fxgl-17.2.jar!/fxglassets/ui/fonts/VarelaRound-Regular.ttf
22:38:10.856 [FXGL Background Thread 1 ] DEBUG FXGLApplication      - Loading default localization
22:38:10.857 [FXGL Background Thread 1 ] DEBUG FXGLAssetLoaderServi - Loading from file system: jar:file:///C:/Users/darin/.m2/repository/com/github/almasb/fxgl/17.2/fxgl-17.2.jar!/fxglassets/languages/english.lang
22:38:10.904 [FXGL Background Thread 1 ] INFO  FXGLApplication      - FXGL initialization took: 0.653 sec
22:38:10.907 [JavaFX Application Thread] DEBUG FXGLAssetLoaderServi - Loading from file system: jar:file:///C:/Users/darin/.m2/repository/com/github/almasb/fxgl/17.2/fxgl-17.2.jar!/fxglassets/textures/fxgl_icon.png
22:38:10.943 [FXGL Background Thread 4 ] DEBUG FXGLAssetLoaderServi - Loading from file system: jar:file:///C:/Users/darin/.m2/repository/com/github/almasb/fxgl/17.2/fxgl-17.2.jar!/fxglassets/ui/fonts/Abel-Regular.ttf
22:38:10.947 [JavaFX Application Thread] DEBUG FXGLAssetLoaderServi - Loading from file system: jar:file:///C:/Users/darin/.m2/repository/com/github/almasb/fxgl/17.2/fxgl-17.2.jar!/fxglassets/textures/fxgl_default_cursor.png
22:38:10.960 [FXGL Background Thread 4 ] DEBUG FXGLAssetLoaderServi - Loading from file system: jar:file:///C:/Users/darin/.m2/repository/com/github/almasb/fxgl/17.2/fxgl-17.2.jar!/fxglassets/ui/fonts/TerminalLandMono-Regular.otf
22:38:10.972 [JavaFX Application Thread] DEBUG Input                - Registered new binding: Screenshot - CTRL+8
22:38:10.972 [FXGL Background Thread 4 ] DEBUG FXGLAssetLoaderServi - Loading from file system: jar:file:///C:/Users/darin/.m2/repository/com/github/almasb/fxgl/17.2/fxgl-17.2.jar!/fxglassets/ui/fonts/Courier-Prime.ttf
22:38:10.973 [JavaFX Application Thread] DEBUG Input                - Registered new binding: System info dump - CTRL+9
22:38:10.975 [JavaFX Application Thread] DEBUG Input                - Registered new binding: Restart - CTRL+R
22:38:10.978 [JavaFX Application Thread] DEBUG Input                - Registered new binding: Toggle Debug Camera - CTRL+7
22:38:10.991 [JavaFX Application Thread] DEBUG LoopRunner           - Starting loop
22:38:10.991 [JavaFX Application Thread] DEBUG LoopRunner           - Initializing JavaFX AnimationTimerLoop
22:38:10.999 [JavaFX Application Thread] DEBUG Input                - Clearing active input actions
22:38:11.009 [JavaFX Application Thread] DEBUG GameApplicationServi - Removing overlay from FXGLStartupScene and adding to FXGLMainMenuDummyScene
22:38:11.009 [JavaFX Application Thread] DEBUG PrimaryStageWindow   - FXGLStartupScene -> FXGLMainMenuDummyScene
22:38:11.009 [JavaFX Application Thread] DEBUG PrimaryStageWindow   - Push state: FXGLDefaultMenu
22:38:11.037 [JavaFX Application Thread] DEBUG Input                - Clearing active input actions
22:38:11.057 [JavaFX Application Thread] DEBUG GameApplicationServi - Removing overlay from FXGLMainMenuDummyScene and adding to FXGLDefaultMenu
22:38:11.058 [JavaFX Application Thread] DEBUG PrimaryStageWindow   - FXGLMainMenuDummyScene -> FXGLDefaultMenu
22:38:11.059 [JavaFX Application Thread] DEBUG FXGLApplication      - Registering font factories with UI factory
22:38:11.591 [FXGL Background Thread 2 ] INFO  UpdaterService       - Your current version:  17.2
22:38:11.591 [FXGL Background Thread 2 ] INFO  UpdaterService       - Latest stable version: 17.3
22:38:13.133 [JavaFX Application Thread] DEBUG Menu                 - fireNewGame()
22:38:13.133 [JavaFX Application Thread] DEBUG GameApplicationServi - Starting new game
22:38:13.136 [JavaFX Application Thread] DEBUG PrimaryStageWindow   - Pop state: FXGLDefaultMenu
22:38:13.136 [JavaFX Application Thread] DEBUG Input                - Clearing active input actions
22:38:13.137 [JavaFX Application Thread] DEBUG GameApplicationServi - Removing overlay from FXGLDefaultMenu and adding to FXGLMainMenuDummyScene
22:38:13.137 [JavaFX Application Thread] DEBUG PrimaryStageWindow   - FXGLMainMenuDummyScene <- FXGLDefaultMenu
22:38:13.137 [JavaFX Application Thread] DEBUG Input                - Clearing active input actions
22:38:13.148 [JavaFX Application Thread] DEBUG GameApplicationServi - Removing overlay from FXGLMainMenuDummyScene and adding to FXGLLoadingScene
22:38:13.148 [JavaFX Application Thread] DEBUG PrimaryStageWindow   - FXGLMainMenuDummyScene -> FXGLLoadingScene
22:38:13.148 [JavaFX Application Thread] DEBUG GameApplicationServi - Clearing previous game
22:38:13.148 [JavaFX Application Thread] DEBUG GameScene            - Clearing game scene
22:38:13.148 [JavaFX Application Thread] DEBUG GameWorld            - Clearing game world
22:38:13.148 [JavaFX Application Thread] DEBUG PhysicsWorld         - Clearing physics world
22:38:13.150 [FXGL Background Thread 2 ] DEBUG FXGLApplication      - Initializing game
22:38:13.151 [FXGL Background Thread 2 ] DEBUG FXGLAssetLoaderServi - Loading from file system: file:/C:/Users/darin/Desktop/Darinel/Programacion/airport/target/classes/assets/textures/background.png
22:38:13.173 [FXGL Background Thread 2 ] INFO  FXGLApplication      - Game initialization took: 0.022 sec
22:38:13.174 [JavaFX Application Thread] DEBUG Input                - Clearing active input actions
22:38:13.181 [JavaFX Application Thread] DEBUG GameApplicationServi - Removing overlay from FXGLLoadingScene and adding to GameScene
22:38:13.181 [JavaFX Application Thread] DEBUG PrimaryStageWindow   - FXGLLoadingScene -> GameScene
22:38:13.852 [FXGL Background Thread 3 ] DEBUG Engine               - Logging environment variables
22:38:13.853 [FXGL Background Thread 3 ] DEBUG Engine               - achievements: []
22:38:13.853 [FXGL Background Thread 3 ] DEBUG Engine               - actualHeight: 450.0
22:38:13.853 [FXGL Background Thread 3 ] DEBUG Engine               - actualHeightProperty: ReadOnlyDoubleProperty [value: 450.0]
22:38:13.853 [FXGL Background Thread 3 ] DEBUG Engine               - actualWidth: 800.0
22:38:13.854 [FXGL Background Thread 3 ] DEBUG Engine               - actualWidthProperty: ReadOnlyDoubleProperty [value: 800.0]
22:38:13.854 [FXGL Background Thread 3 ] DEBUG Engine               - appIcon: fxgl_icon.png
22:38:13.854 [FXGL Background Thread 3 ] DEBUG Engine               - applicationMode: DEVELOPER
22:38:13.854 [FXGL Background Thread 3 ] DEBUG Engine               - cSSList: [fxgl_dark.css]
22:38:13.854 [FXGL Background Thread 3 ] DEBUG Engine               - collisionDetectionStrategy: BRUTE_FORCE
22:38:13.854 [FXGL Background Thread 3 ] DEBUG Engine               - configClass: Optional.empty
22:38:13.854 [FXGL Background Thread 3 ] DEBUG Engine               - credits: []
22:38:13.854 [FXGL Background Thread 3 ] DEBUG Engine               - defaultCursor: CursorInfo(imageName=fxgl_default_cursor.png, hotspotX=7.0, hotspotY=6.0)
22:38:13.854 [FXGL Background Thread 3 ] DEBUG Engine               - devBBoxColorProperty: ObjectProperty [value: 0xff0000ff]
22:38:13.855 [FXGL Background Thread 3 ] DEBUG Engine               - devEnableDebugCameraProperty: BooleanProperty [value: false]
22:38:13.855 [FXGL Background Thread 3 ] DEBUG Engine               - devSensorColorProperty: ObjectProperty [value: 0xffff00ff]
22:38:13.855 [FXGL Background Thread 3 ] DEBUG Engine               - devShowBBoxProperty: BooleanProperty [value: false]
22:38:13.855 [FXGL Background Thread 3 ] DEBUG Engine               - devShowPositionProperty: BooleanProperty [value: false]
22:38:13.855 [FXGL Background Thread 3 ] DEBUG Engine               - enabledMenuItems: []
22:38:13.855 [FXGL Background Thread 3 ] DEBUG Engine               - engineServices: [class com.almasb.fxgl.app.services.FXGLAssetLoaderService, class com.almasb.fxgl.app.FXGLApplication$GameApplicationService, class com.almasb.fxgl.app.services.FXGLDialogService, class com.almasb.fxgl.app.services.IOTaskExecutorService, class com.almasb.fxgl.io.FileSystemService, class com.almasb.fxgl.localization.LocalizationService, class com.almasb.fxgl.app.services.SystemBundleService, class com.almasb.fxgl.profile.SaveLoadService, class com.almasb.fxgl.ui.FXGLUIFactoryServiceProvider, class com.almasb.fxgl.ui.FXGLDialogFactoryServiceProvider, class com.almasb.fxgl.audio.AudioPlayer, class com.almasb.fxgl.notification.impl.NotificationServiceProvider, class com.almasb.fxgl.achievement.AchievementService, class com.almasb.fxgl.cutscene.CutsceneService, class com.almasb.fxgl.minigames.MiniGameService, class com.almasb.fxgl.net.NetService, class com.almasb.fxgl.app.services.UpdaterService, class com.almasb.fxgl.dev.DevService]
22:38:13.855 [FXGL Background Thread 3 ] DEBUG Engine               - fontGame: Abel-Regular.ttf
22:38:13.855 [FXGL Background Thread 3 ] DEBUG Engine               - fontMono: TerminalLandMono-Regular.otf
22:38:13.855 [FXGL Background Thread 3 ] DEBUG Engine               - fontText: Courier-Prime.ttf
22:38:13.855 [FXGL Background Thread 3 ] DEBUG Engine               - fontUI: VarelaRound-Regular.ttf
22:38:13.855 [FXGL Background Thread 3 ] DEBUG Engine               - fullScreen: BooleanProperty [value: false]
22:38:13.855 [FXGL Background Thread 3 ] DEBUG Engine               - gameDifficulty: MEDIUM
22:38:13.855 [FXGL Background Thread 3 ] DEBUG Engine               - gameDifficultyProperty: ObjectProperty [value: MEDIUM]
22:38:13.855 [FXGL Background Thread 3 ] DEBUG Engine               - globalMusicVolume: 0.5
22:38:13.855 [FXGL Background Thread 3 ] DEBUG Engine               - globalMusicVolumeProperty: DoubleProperty [value: 0.5]
22:38:13.856 [FXGL Background Thread 3 ] DEBUG Engine               - globalSoundVolume: 0.5
22:38:13.856 [FXGL Background Thread 3 ] DEBUG Engine               - globalSoundVolumeProperty: DoubleProperty [value: 0.5]
22:38:13.856 [FXGL Background Thread 3 ] DEBUG Engine               - height: 450
22:38:13.856 [FXGL Background Thread 3 ] DEBUG Engine               - is3D: false
22:38:13.856 [FXGL Background Thread 3 ] DEBUG Engine               - isAndroid: false
22:38:13.856 [FXGL Background Thread 3 ] DEBUG Engine               - isBrowser: false
22:38:13.856 [FXGL Background Thread 3 ] DEBUG Engine               - isClickFeedbackEnabled: false
22:38:13.856 [FXGL Background Thread 3 ] DEBUG Engine               - isCloseConfirmation: false
22:38:13.856 [FXGL Background Thread 3 ] DEBUG Engine               - isDesktop: true
22:38:13.856 [FXGL Background Thread 3 ] DEBUG Engine               - isDeveloperMenuEnabled: false
22:38:13.856 [FXGL Background Thread 3 ] DEBUG Engine               - isEmbedded: false
22:38:13.856 [FXGL Background Thread 3 ] DEBUG Engine               - isEntityPreloadEnabled: true
22:38:13.856 [FXGL Background Thread 3 ] DEBUG Engine               - isExperimentalTiledLargeMap: false
22:38:13.856 [FXGL Background Thread 3 ] DEBUG Engine               - isFileSystemWriteAllowed: true
22:38:13.856 [FXGL Background Thread 3 ] DEBUG Engine               - isFullScreenAllowed: false
22:38:13.856 [FXGL Background Thread 3 ] DEBUG Engine               - isFullScreenFromStart: false
22:38:13.856 [FXGL Background Thread 3 ] DEBUG Engine               - isGameMenuEnabled: true
22:38:13.856 [FXGL Background Thread 3 ] DEBUG Engine               - isIOS: false
22:38:13.856 [FXGL Background Thread 3 ] DEBUG Engine               - isIntroEnabled: false
22:38:13.857 [FXGL Background Thread 3 ] DEBUG Engine               - isLinux: false
22:38:13.857 [FXGL Background Thread 3 ] DEBUG Engine               - isMac: false
22:38:13.857 [FXGL Background Thread 3 ] DEBUG Engine               - isMainMenuEnabled: true
22:38:13.857 [FXGL Background Thread 3 ] DEBUG Engine               - isManualResizeEnabled: false
22:38:13.858 [FXGL Background Thread 3 ] DEBUG Engine               - isMobile: false
22:38:13.858 [FXGL Background Thread 3 ] DEBUG Engine               - isNative: false
22:38:13.858 [FXGL Background Thread 3 ] DEBUG Engine               - isPauseMusicWhenMinimized: true
22:38:13.858 [FXGL Background Thread 3 ] DEBUG Engine               - isPreserveResizeRatio: false
22:38:13.858 [FXGL Background Thread 3 ] DEBUG Engine               - isProfilingEnabled: false
22:38:13.858 [FXGL Background Thread 3 ] DEBUG Engine               - isScaleAffectedOnResize: true
22:38:13.858 [FXGL Background Thread 3 ] DEBUG Engine               - isSingleStep: false
22:38:13.858 [FXGL Background Thread 3 ] DEBUG Engine               - isUserProfileEnabled: false
22:38:13.858 [FXGL Background Thread 3 ] DEBUG Engine               - isWindows: true
22:38:13.858 [FXGL Background Thread 3 ] DEBUG Engine               - language: ObjectProperty [value: ENGLISH]
22:38:13.858 [FXGL Background Thread 3 ] DEBUG Engine               - menuKey: ESCAPE
22:38:13.858 [FXGL Background Thread 3 ] DEBUG Engine               - mouseSensitivity: 0.2
22:38:13.858 [FXGL Background Thread 3 ] DEBUG Engine               - notificationViewClass: class com.almasb.fxgl.notification.view.XboxNotificationView
22:38:13.858 [FXGL Background Thread 3 ] DEBUG Engine               - pixelsPerMeter: 50.0
22:38:13.858 [FXGL Background Thread 3 ] DEBUG Engine               - platform: WINDOWS
22:38:13.858 [FXGL Background Thread 3 ] DEBUG Engine               - prefHeightProperty: ReadOnlyDoubleProperty [value: 450.0]
22:38:13.858 [FXGL Background Thread 3 ] DEBUG Engine               - prefWidthProperty: ReadOnlyDoubleProperty [value: 800.0]
22:38:13.859 [FXGL Background Thread 3 ] DEBUG Engine               - profileDir: profiles/
22:38:13.859 [FXGL Background Thread 3 ] DEBUG Engine               - profileName: StringProperty [value: DEFAULT]
22:38:13.859 [FXGL Background Thread 3 ] DEBUG Engine               - randomSeed: -1
22:38:13.859 [FXGL Background Thread 3 ] DEBUG Engine               - runtimeInfo: RuntimeInfo(platform=WINDOWS, version=17.2, build=20.08.2022 16.50)
22:38:13.859 [FXGL Background Thread 3 ] DEBUG Engine               - saveFileExt: sav
22:38:13.859 [FXGL Background Thread 3 ] DEBUG Engine               - scaledHeightProp$fxgl: DoubleProperty [bound, value: 450.0]
22:38:13.859 [FXGL Background Thread 3 ] DEBUG Engine               - scaledWidthProp$fxgl: DoubleProperty [bound, value: 800.0]
22:38:13.859 [FXGL Background Thread 3 ] DEBUG Engine               - sceneFactory: com.almasb.fxgl.app.scene.SceneFactory@534ad58c
22:38:13.860 [FXGL Background Thread 3 ] DEBUG Engine               - secondsIn24h: 60
22:38:13.860 [FXGL Background Thread 3 ] DEBUG Engine               - soundMenuBack: menu/back.wav
22:38:13.860 [FXGL Background Thread 3 ] DEBUG Engine               - soundMenuPress: menu/press.wav
22:38:13.860 [FXGL Background Thread 3 ] DEBUG Engine               - soundMenuSelect: menu/select.wav
22:38:13.860 [FXGL Background Thread 3 ] DEBUG Engine               - soundNotification: core/notification.wav
22:38:13.860 [FXGL Background Thread 3 ] DEBUG Engine               - stageStyle: DECORATED
22:38:13.860 [FXGL Background Thread 3 ] DEBUG Engine               - supportedLanguages: [ENGLISH, FRENCH, GERMAN, HUNGARIAN, RUSSIAN]
22:38:13.860 [FXGL Background Thread 3 ] DEBUG Engine               - ticksPerSecond: -1
22:38:13.860 [FXGL Background Thread 3 ] DEBUG Engine               - title: Airport
22:38:13.860 [FXGL Background Thread 3 ] DEBUG Engine               - urlGithub: https://github.com/AlmasB/FXGL
22:38:13.860 [FXGL Background Thread 3 ] DEBUG Engine               - urlLeaderboard: http://fxgl-top.herokuapp.com/
22:38:13.860 [FXGL Background Thread 3 ] DEBUG Engine               - urlPOM: https://raw.githubusercontent.com/AlmasB/FXGL/release/README.md
22:38:13.860 [FXGL Background Thread 3 ] DEBUG Engine               - userAppClass: class com.example.airport.GameStart
22:38:13.860 [FXGL Background Thread 3 ] DEBUG Engine               - version: 0.1
22:38:13.860 [FXGL Background Thread 3 ] DEBUG Engine               - versionCheckDays: 7
22:38:13.860 [FXGL Background Thread 3 ] DEBUG Engine               - width: 800
22:38:13.860 [FXGL Background Thread 3 ] DEBUG Engine               - Logging services
22:38:13.860 [FXGL Background Thread 3 ] DEBUG Engine               - class com.almasb.fxgl.app.services.FXGLAssetLoaderService
22:38:13.860 [FXGL Background Thread 3 ] DEBUG Engine               - class com.almasb.fxgl.app.FXGLApplication$GameApplicationService
22:38:13.860 [FXGL Background Thread 3 ] DEBUG Engine               - class com.almasb.fxgl.app.services.FXGLDialogService
22:38:13.860 [FXGL Background Thread 3 ] DEBUG Engine               - class com.almasb.fxgl.app.services.IOTaskExecutorService
22:38:13.860 [FXGL Background Thread 3 ] DEBUG Engine               - class com.almasb.fxgl.io.FileSystemService
22:38:13.860 [FXGL Background Thread 3 ] DEBUG Engine               - class com.almasb.fxgl.localization.LocalizationService
22:38:13.860 [FXGL Background Thread 3 ] DEBUG Engine               - class com.almasb.fxgl.app.services.SystemBundleService
22:38:13.860 [FXGL Background Thread 3 ] DEBUG Engine               - class com.almasb.fxgl.profile.SaveLoadService
22:38:13.860 [FXGL Background Thread 3 ] DEBUG Engine               - class com.almasb.fxgl.ui.FXGLUIFactoryServiceProvider
22:38:13.860 [FXGL Background Thread 3 ] DEBUG Engine               - class com.almasb.fxgl.ui.FXGLDialogFactoryServiceProvider
22:38:13.861 [FXGL Background Thread 3 ] DEBUG Engine               - class com.almasb.fxgl.audio.AudioPlayer
22:38:13.861 [FXGL Background Thread 3 ] DEBUG Engine               - class com.almasb.fxgl.notification.impl.NotificationServiceProvider
22:38:13.861 [FXGL Background Thread 3 ] DEBUG Engine               - class com.almasb.fxgl.achievement.AchievementService
22:38:13.861 [FXGL Background Thread 3 ] DEBUG Engine               - class com.almasb.fxgl.cutscene.CutsceneService
22:38:13.861 [FXGL Background Thread 3 ] DEBUG Engine               - class com.almasb.fxgl.minigames.MiniGameService
22:38:13.861 [FXGL Background Thread 3 ] DEBUG Engine               - class com.almasb.fxgl.net.NetService
22:38:13.861 [FXGL Background Thread 3 ] DEBUG Engine               - class com.almasb.fxgl.app.services.UpdaterService
22:38:13.861 [FXGL Background Thread 3 ] DEBUG Engine               - class com.almasb.fxgl.dev.DevService
22:38:17.125 [JavaFX Application Thread] DEBUG FXGLApplication      - Exiting FXGL
22:38:17.125 [JavaFX Application Thread] DEBUG LoopRunner           - Stopping loop
22:38:17.125 [JavaFX Application Thread] DEBUG SystemBundleService  - Saving FXGL system data
22:38:17.129 [JavaFX Application Thread] DEBUG FileSystemAccess     - Writing to: C:\Users\darin\Desktop\Darinel\Programacion\airport\system\fxgl.bundle
22:38:17.130 [JavaFX Application Thread] DEBUG Async                - Shutting down background threads
22:38:17.131 [JavaFX Application Thread] DEBUG PrimaryStageWindow   - Closing main window
22:38:17.148 [JavaFX Application Thread] DEBUG Logger               - Closing Logger
