16:11:21.040 [main                     ] DEBUG Logger               - Configured Logger
16:11:21.079 [main                     ] DEBUG GameApplication      - Logging settings
Title: Airport
Version: 0.1
Width: 800
Height: 450
Fullscreen: false
Intro: false
Profiling: false
Single step:false
App Mode: DEVELOPER
Menu Key: ESCAPE
Stage Style: DECORATED
Scene Factory: class com.almasb.fxgl.app.scene.SceneFactory

16:11:21.389 [JavaFX Application Thread] DEBUG FXGLApplication      - Initializing FXGL
16:11:21.394 [JavaFX Application Thread] INFO  Engine               - FXGL-17.2 (20.08.2022 16.50) on WINDOWS (J:17.0.5 FX:17.0.2-ea)
16:11:21.395 [JavaFX Application Thread] DEBUG Engine               - JRE Vendor Name: Microsoft
16:11:21.395 [JavaFX Application Thread] DEBUG Engine               - Running on OS: Windows 10 version 10.0
16:11:21.395 [JavaFX Application Thread] DEBUG Engine               - Architecture: amd64
16:11:21.395 [JavaFX Application Thread] INFO  Engine               - Source code and latest versions at: https://github.com/AlmasB/FXGL
16:11:21.395 [JavaFX Application Thread] INFO  Engine               -       Ask questions and discuss at: https://github.com/AlmasB/FXGL/discussions
16:11:21.396 [JavaFX Application Thread] INFO  Engine               -              Join the FXGL chat at: https://gitter.im/AlmasB/FXGL
16:11:21.468 [JavaFX Application Thread] DEBUG PrimaryStageWindow   - Creating a JavaFX scene
16:11:21.506 [JavaFX Application Thread] DEBUG PrimaryStageWindow   - Target settings size: 800.0 x 450.0
16:11:21.507 [JavaFX Application Thread] DEBUG PrimaryStageWindow   - Scaled scene size:    800.0 x 450.0
16:11:21.507 [JavaFX Application Thread] DEBUG PrimaryStageWindow   - Scaled ratio: (1.0, 1.0)
16:11:21.508 [JavaFX Application Thread] DEBUG PrimaryStageWindow   - Set initial scene to FXGLStartupScene
16:11:21.514 [JavaFX Application Thread] DEBUG PrimaryStageWindow   - Opening main window
16:11:21.584 [JavaFX Application Thread] DEBUG PrimaryStageWindow   - Window border size: (16.0, 39.0)
16:11:21.584 [JavaFX Application Thread] DEBUG PrimaryStageWindow   - Scaled size: 800.0 x 450.0
16:11:21.585 [JavaFX Application Thread] DEBUG PrimaryStageWindow   - Scaled ratio: (1.0, 1.0)
16:11:21.585 [JavaFX Application Thread] DEBUG PrimaryStageWindow   - Scene size: 800.0 x 450.0
16:11:21.585 [JavaFX Application Thread] DEBUG PrimaryStageWindow   - Stage size: 816.0 x 489.0
16:11:21.592 [FXGL Background Thread 1 ] DEBUG Engine               - Initializing environment variables
16:11:21.635 [FXGL Background Thread 1 ] DEBUG FXGLAssetLoaderServi - User app class for loading assets: class com.example.airport.GameStart
16:11:21.635 [FXGL Background Thread 1 ] DEBUG GameApplicationServi - Applying CSS: fxgl_dark.css
16:11:21.636 [FXGL Background Thread 1 ] DEBUG FXGLAssetLoaderServi - Loading from file system: jar:file:///C:/Users/rever/.m2/repository/com/github/almasb/fxgl/17.2/fxgl-17.2.jar!/fxglassets/ui/css/fxgl_dark.css
16:11:21.696 [FXGL Background Thread 1 ] DEBUG GameApplicationServi - Initializing application scenes
16:11:21.750 [FXGL Background Thread 1 ] DEBUG GameWorld            - Game world initialized
16:11:21.805 [FXGL Background Thread 1 ] DEBUG PhysicsWorld         - Physics world initialized: appHeight=450, physics.ppm=50.0
16:11:21.806 [FXGL Background Thread 1 ] DEBUG PhysicsWorld         - Using strategy: BRUTE_FORCE
16:11:21.811 [FXGL Background Thread 1 ] DEBUG GameScene            - Game scene initialized: 800x450
16:11:21.826 [FXGL Background Thread 1 ] WARN  FXGL.DefaultMenu     - FXGLDefaultMenu is not designed for resolutions < 800x600
16:11:21.826 [FXGL Background Thread 1 ] DEBUG FXGL.DefaultMenu     - createMenuBodyMainMenu()
16:11:21.841 [FXGL Background Thread 1 ] DEBUG FXGL.DefaultMenu     - createOptionsMenu()
16:11:21.855 [FXGL Background Thread 1 ] DEBUG FXGLAssetLoaderServi - Loading from file system: jar:file:///C:/Users/rever/.m2/repository/com/github/almasb/fxgl/17.2/fxgl-17.2.jar!/fxglassets/textures/particles/smoke.png
16:11:21.948 [FXGL Background Thread 1 ] DEBUG FXGLAssetLoaderServi - Loading from file system: jar:file:///C:/Users/rever/.m2/repository/com/github/almasb/fxgl/17.2/fxgl-17.2.jar!/fxglassets/textures/particles/trace_horizontal.png
16:11:21.974 [FXGL Background Thread 1 ] WARN  FXGL.DefaultMenu     - FXGLDefaultMenu is not designed for resolutions < 800x600
16:11:21.974 [FXGL Background Thread 1 ] DEBUG FXGL.DefaultMenu     - createMenuBodyGameMenu()
16:11:21.976 [FXGL Background Thread 1 ] DEBUG FXGL.DefaultMenu     - createOptionsMenu()
16:11:21.999 [FXGL Background Thread 1 ] DEBUG GameApplicationServi - Application scenes initialized
16:11:22.013 [FXGL Background Thread 1 ] DEBUG SystemBundleService  - Loading FXGL system data
16:11:22.018 [FXGL Background Thread 1 ] DEBUG FileSystemAccess     - Reading from: C:\Users\rever\OneDrive\Documentos\Cuati7\Monitores\airport\system\fxgl.bundle
16:11:22.025 [FXGL Background Thread 1 ] DEBUG SystemBundleService  - Bundle FXGL: {}
16:11:22.025 [FXGL Background Thread 1 ] DEBUG UpdaterService       - Checking for updates
16:11:22.031 [FXGL Background Thread 4 ] DEBUG FXGLApplication      - Loading fonts
16:11:22.031 [FXGL Background Thread 1 ] DEBUG FXGLApplication      - Loading default localization
16:11:22.031 [FXGL Background Thread 4 ] DEBUG FXGLAssetLoaderServi - Loading from file system: jar:file:///C:/Users/rever/.m2/repository/com/github/almasb/fxgl/17.2/fxgl-17.2.jar!/fxglassets/ui/fonts/VarelaRound-Regular.ttf
16:11:22.032 [FXGL Background Thread 1 ] DEBUG FXGLAssetLoaderServi - Loading from file system: jar:file:///C:/Users/rever/.m2/repository/com/github/almasb/fxgl/17.2/fxgl-17.2.jar!/fxglassets/languages/english.lang
16:11:22.049 [FXGL Background Thread 1 ] INFO  FXGLApplication      - FXGL initialization took: 0.457 sec
16:11:22.051 [JavaFX Application Thread] DEBUG FXGLAssetLoaderServi - Loading from file system: jar:file:///C:/Users/rever/.m2/repository/com/github/almasb/fxgl/17.2/fxgl-17.2.jar!/fxglassets/textures/fxgl_icon.png
16:11:22.067 [JavaFX Application Thread] DEBUG FXGLAssetLoaderServi - Loading from file system: jar:file:///C:/Users/rever/.m2/repository/com/github/almasb/fxgl/17.2/fxgl-17.2.jar!/fxglassets/textures/fxgl_default_cursor.png
16:11:22.077 [JavaFX Application Thread] DEBUG Input                - Registered new binding: Screenshot - CTRL+8
16:11:22.078 [JavaFX Application Thread] DEBUG Input                - Registered new binding: System info dump - CTRL+9
16:11:22.078 [JavaFX Application Thread] DEBUG Input                - Registered new binding: Restart - CTRL+R
16:11:22.079 [JavaFX Application Thread] DEBUG Input                - Registered new binding: Toggle Debug Camera - CTRL+7
16:11:22.081 [JavaFX Application Thread] DEBUG LoopRunner           - Starting loop
16:11:22.081 [JavaFX Application Thread] DEBUG LoopRunner           - Initializing JavaFX AnimationTimerLoop
16:11:22.083 [JavaFX Application Thread] DEBUG Input                - Clearing active input actions
16:11:22.089 [JavaFX Application Thread] DEBUG GameApplicationServi - Removing overlay from FXGLStartupScene and adding to FXGLMainMenuDummyScene
16:11:22.089 [JavaFX Application Thread] DEBUG PrimaryStageWindow   - FXGLStartupScene -> FXGLMainMenuDummyScene
16:11:22.089 [JavaFX Application Thread] DEBUG PrimaryStageWindow   - Push state: FXGLDefaultMenu
16:11:22.094 [JavaFX Application Thread] DEBUG Input                - Clearing active input actions
16:11:22.095 [FXGL Background Thread 4 ] DEBUG FXGLAssetLoaderServi - Loading from file system: jar:file:///C:/Users/rever/.m2/repository/com/github/almasb/fxgl/17.2/fxgl-17.2.jar!/fxglassets/ui/fonts/Abel-Regular.ttf
16:11:22.097 [FXGL Background Thread 4 ] DEBUG FXGLAssetLoaderServi - Loading from file system: jar:file:///C:/Users/rever/.m2/repository/com/github/almasb/fxgl/17.2/fxgl-17.2.jar!/fxglassets/ui/fonts/TerminalLandMono-Regular.otf
16:11:22.100 [JavaFX Application Thread] DEBUG GameApplicationServi - Removing overlay from FXGLMainMenuDummyScene and adding to FXGLDefaultMenu
16:11:22.100 [FXGL Background Thread 4 ] DEBUG FXGLAssetLoaderServi - Loading from file system: jar:file:///C:/Users/rever/.m2/repository/com/github/almasb/fxgl/17.2/fxgl-17.2.jar!/fxglassets/ui/fonts/Courier-Prime.ttf
16:11:22.101 [JavaFX Application Thread] DEBUG PrimaryStageWindow   - FXGLMainMenuDummyScene -> FXGLDefaultMenu
16:11:22.166 [JavaFX Application Thread] DEBUG FXGLApplication      - Registering font factories with UI factory
16:11:22.542 [FXGL Background Thread 2 ] INFO  UpdaterService       - Your current version:  17.2
16:11:22.542 [FXGL Background Thread 2 ] INFO  UpdaterService       - Latest stable version: 17.3
16:11:23.023 [JavaFX Application Thread] DEBUG Menu                 - fireNewGame()
16:11:23.023 [JavaFX Application Thread] DEBUG GameApplicationServi - Starting new game
16:11:23.025 [JavaFX Application Thread] DEBUG PrimaryStageWindow   - Pop state: FXGLDefaultMenu
16:11:23.025 [JavaFX Application Thread] DEBUG Input                - Clearing active input actions
16:11:23.026 [JavaFX Application Thread] DEBUG GameApplicationServi - Removing overlay from FXGLDefaultMenu and adding to FXGLMainMenuDummyScene
16:11:23.027 [JavaFX Application Thread] DEBUG PrimaryStageWindow   - FXGLMainMenuDummyScene <- FXGLDefaultMenu
16:11:23.027 [JavaFX Application Thread] DEBUG Input                - Clearing active input actions
16:11:23.031 [JavaFX Application Thread] DEBUG GameApplicationServi - Removing overlay from FXGLMainMenuDummyScene and adding to FXGLLoadingScene
16:11:23.032 [JavaFX Application Thread] DEBUG PrimaryStageWindow   - FXGLMainMenuDummyScene -> FXGLLoadingScene
16:11:23.032 [JavaFX Application Thread] DEBUG GameApplicationServi - Clearing previous game
16:11:23.032 [JavaFX Application Thread] DEBUG GameScene            - Clearing game scene
16:11:23.032 [JavaFX Application Thread] DEBUG GameWorld            - Clearing game world
16:11:23.032 [JavaFX Application Thread] DEBUG PhysicsWorld         - Clearing physics world
16:11:23.034 [FXGL Background Thread 2 ] DEBUG FXGLApplication      - Initializing game
16:11:23.076 [FXGL Background Thread 2 ] DEBUG FXGLAssetLoaderServi - Loading from file system: file:/C:/Users/rever/OneDrive/Documentos/Cuati7/Monitores/airport/target/classes/assets/textures/ticketSeller.png
16:11:23.084 [FXGL Background Thread 2 ] DEBUG FXGLAssetLoaderServi - Loading from file system: file:/C:/Users/rever/OneDrive/Documentos/Cuati7/Monitores/airport/target/classes/assets/textures/corruptPerson.png
16:11:23.085 [FXGL Background Thread 2 ] WARN  GameWorld            - Entity is already attached to world
16:11:23.088 [FXGL Background Thread 2 ] DEBUG FXGLAssetLoaderServi - Loading from file system: file:/C:/Users/rever/OneDrive/Documentos/Cuati7/Monitores/airport/target/classes/assets/textures/background.png
16:11:23.099 [FXGL Background Thread 2 ] INFO  FXGLApplication      - Game initialization took: 0.065 sec
16:11:23.107 [JavaFX Application Thread] DEBUG Input                - Clearing active input actions
16:11:23.112 [JavaFX Application Thread] DEBUG GameApplicationServi - Removing overlay from FXGLLoadingScene and adding to GameScene
16:11:23.112 [JavaFX Application Thread] DEBUG PrimaryStageWindow   - FXGLLoadingScene -> GameScene
16:11:25.029 [FXGL Background Thread 3 ] DEBUG Engine               - Logging environment variables
16:11:25.030 [FXGL Background Thread 3 ] DEBUG Engine               - achievements: []
16:11:25.030 [FXGL Background Thread 3 ] DEBUG Engine               - actualHeight: 450.0
16:11:25.030 [FXGL Background Thread 3 ] DEBUG Engine               - actualHeightProperty: ReadOnlyDoubleProperty [value: 450.0]
16:11:25.030 [FXGL Background Thread 3 ] DEBUG Engine               - actualWidth: 800.0
16:11:25.030 [FXGL Background Thread 3 ] DEBUG Engine               - actualWidthProperty: ReadOnlyDoubleProperty [value: 800.0]
16:11:25.030 [FXGL Background Thread 3 ] DEBUG Engine               - appIcon: fxgl_icon.png
16:11:25.030 [FXGL Background Thread 3 ] DEBUG Engine               - applicationMode: DEVELOPER
16:11:25.030 [FXGL Background Thread 3 ] DEBUG Engine               - cSSList: [fxgl_dark.css]
16:11:25.030 [FXGL Background Thread 3 ] DEBUG Engine               - collisionDetectionStrategy: BRUTE_FORCE
16:11:25.030 [FXGL Background Thread 3 ] DEBUG Engine               - configClass: Optional.empty
16:11:25.030 [FXGL Background Thread 3 ] DEBUG Engine               - credits: []
16:11:25.031 [FXGL Background Thread 3 ] DEBUG Engine               - defaultCursor: CursorInfo(imageName=fxgl_default_cursor.png, hotspotX=7.0, hotspotY=6.0)
16:11:25.031 [FXGL Background Thread 3 ] DEBUG Engine               - devBBoxColorProperty: ObjectProperty [value: 0xff0000ff]
16:11:25.031 [FXGL Background Thread 3 ] DEBUG Engine               - devEnableDebugCameraProperty: BooleanProperty [value: false]
16:11:25.031 [FXGL Background Thread 3 ] DEBUG Engine               - devSensorColorProperty: ObjectProperty [value: 0xffff00ff]
16:11:25.031 [FXGL Background Thread 3 ] DEBUG Engine               - devShowBBoxProperty: BooleanProperty [value: false]
16:11:25.031 [FXGL Background Thread 3 ] DEBUG Engine               - devShowPositionProperty: BooleanProperty [value: false]
16:11:25.031 [FXGL Background Thread 3 ] DEBUG Engine               - enabledMenuItems: []
16:11:25.031 [FXGL Background Thread 3 ] DEBUG Engine               - engineServices: [class com.almasb.fxgl.app.services.FXGLAssetLoaderService, class com.almasb.fxgl.app.FXGLApplication$GameApplicationService, class com.almasb.fxgl.app.services.FXGLDialogService, class com.almasb.fxgl.app.services.IOTaskExecutorService, class com.almasb.fxgl.io.FileSystemService, class com.almasb.fxgl.localization.LocalizationService, class com.almasb.fxgl.app.services.SystemBundleService, class com.almasb.fxgl.profile.SaveLoadService, class com.almasb.fxgl.ui.FXGLUIFactoryServiceProvider, class com.almasb.fxgl.ui.FXGLDialogFactoryServiceProvider, class com.almasb.fxgl.audio.AudioPlayer, class com.almasb.fxgl.notification.impl.NotificationServiceProvider, class com.almasb.fxgl.achievement.AchievementService, class com.almasb.fxgl.cutscene.CutsceneService, class com.almasb.fxgl.minigames.MiniGameService, class com.almasb.fxgl.net.NetService, class com.almasb.fxgl.app.services.UpdaterService, class com.almasb.fxgl.dev.DevService]
16:11:25.031 [FXGL Background Thread 3 ] DEBUG Engine               - fontGame: Abel-Regular.ttf
16:11:25.031 [FXGL Background Thread 3 ] DEBUG Engine               - fontMono: TerminalLandMono-Regular.otf
16:11:25.031 [FXGL Background Thread 3 ] DEBUG Engine               - fontText: Courier-Prime.ttf
16:11:25.031 [FXGL Background Thread 3 ] DEBUG Engine               - fontUI: VarelaRound-Regular.ttf
16:11:25.031 [FXGL Background Thread 3 ] DEBUG Engine               - fullScreen: BooleanProperty [value: false]
16:11:25.031 [FXGL Background Thread 3 ] DEBUG Engine               - gameDifficulty: MEDIUM
16:11:25.031 [FXGL Background Thread 3 ] DEBUG Engine               - gameDifficultyProperty: ObjectProperty [value: MEDIUM]
16:11:25.031 [FXGL Background Thread 3 ] DEBUG Engine               - globalMusicVolume: 0.5
16:11:25.032 [FXGL Background Thread 3 ] DEBUG Engine               - globalMusicVolumeProperty: DoubleProperty [value: 0.5]
16:11:25.032 [FXGL Background Thread 3 ] DEBUG Engine               - globalSoundVolume: 0.5
16:11:25.032 [FXGL Background Thread 3 ] DEBUG Engine               - globalSoundVolumeProperty: DoubleProperty [value: 0.5]
16:11:25.032 [FXGL Background Thread 3 ] DEBUG Engine               - height: 450
16:11:25.032 [FXGL Background Thread 3 ] DEBUG Engine               - is3D: false
16:11:25.032 [FXGL Background Thread 3 ] DEBUG Engine               - isAndroid: false
16:11:25.032 [FXGL Background Thread 3 ] DEBUG Engine               - isBrowser: false
16:11:25.032 [FXGL Background Thread 3 ] DEBUG Engine               - isClickFeedbackEnabled: false
16:11:25.032 [FXGL Background Thread 3 ] DEBUG Engine               - isCloseConfirmation: false
16:11:25.032 [FXGL Background Thread 3 ] DEBUG Engine               - isDesktop: true
16:11:25.032 [FXGL Background Thread 3 ] DEBUG Engine               - isDeveloperMenuEnabled: false
16:11:25.032 [FXGL Background Thread 3 ] DEBUG Engine               - isEmbedded: false
16:11:25.032 [FXGL Background Thread 3 ] DEBUG Engine               - isEntityPreloadEnabled: true
16:11:25.032 [FXGL Background Thread 3 ] DEBUG Engine               - isExperimentalTiledLargeMap: false
16:11:25.032 [FXGL Background Thread 3 ] DEBUG Engine               - isFileSystemWriteAllowed: true
16:11:25.032 [FXGL Background Thread 3 ] DEBUG Engine               - isFullScreenAllowed: false
16:11:25.032 [FXGL Background Thread 3 ] DEBUG Engine               - isFullScreenFromStart: false
16:11:25.033 [FXGL Background Thread 3 ] DEBUG Engine               - isGameMenuEnabled: true
16:11:25.033 [FXGL Background Thread 3 ] DEBUG Engine               - isIOS: false
16:11:25.033 [FXGL Background Thread 3 ] DEBUG Engine               - isIntroEnabled: false
16:11:25.033 [FXGL Background Thread 3 ] DEBUG Engine               - isLinux: false
16:11:25.033 [FXGL Background Thread 3 ] DEBUG Engine               - isMac: false
16:11:25.033 [FXGL Background Thread 3 ] DEBUG Engine               - isMainMenuEnabled: true
16:11:25.033 [FXGL Background Thread 3 ] DEBUG Engine               - isManualResizeEnabled: false
16:11:25.033 [FXGL Background Thread 3 ] DEBUG Engine               - isMobile: false
16:11:25.033 [FXGL Background Thread 3 ] DEBUG Engine               - isNative: false
16:11:25.033 [FXGL Background Thread 3 ] DEBUG Engine               - isPauseMusicWhenMinimized: true
16:11:25.033 [FXGL Background Thread 3 ] DEBUG Engine               - isPreserveResizeRatio: false
16:11:25.033 [FXGL Background Thread 3 ] DEBUG Engine               - isProfilingEnabled: false
16:11:25.033 [FXGL Background Thread 3 ] DEBUG Engine               - isScaleAffectedOnResize: true
16:11:25.033 [FXGL Background Thread 3 ] DEBUG Engine               - isSingleStep: false
16:11:25.033 [FXGL Background Thread 3 ] DEBUG Engine               - isUserProfileEnabled: false
16:11:25.033 [FXGL Background Thread 3 ] DEBUG Engine               - isWindows: true
16:11:25.033 [FXGL Background Thread 3 ] DEBUG Engine               - language: ObjectProperty [value: ENGLISH]
16:11:25.033 [FXGL Background Thread 3 ] DEBUG Engine               - menuKey: ESCAPE
16:11:25.033 [FXGL Background Thread 3 ] DEBUG Engine               - mouseSensitivity: 0.2
16:11:25.033 [FXGL Background Thread 3 ] DEBUG Engine               - notificationViewClass: class com.almasb.fxgl.notification.view.XboxNotificationView
16:11:25.033 [FXGL Background Thread 3 ] DEBUG Engine               - pixelsPerMeter: 50.0
16:11:25.034 [FXGL Background Thread 3 ] DEBUG Engine               - platform: WINDOWS
16:11:25.034 [FXGL Background Thread 3 ] DEBUG Engine               - prefHeightProperty: ReadOnlyDoubleProperty [value: 450.0]
16:11:25.034 [FXGL Background Thread 3 ] DEBUG Engine               - prefWidthProperty: ReadOnlyDoubleProperty [value: 800.0]
16:11:25.034 [FXGL Background Thread 3 ] DEBUG Engine               - profileDir: profiles/
16:11:25.034 [FXGL Background Thread 3 ] DEBUG Engine               - profileName: StringProperty [value: DEFAULT]
16:11:25.034 [FXGL Background Thread 3 ] DEBUG Engine               - randomSeed: -1
16:11:25.034 [FXGL Background Thread 3 ] DEBUG Engine               - runtimeInfo: RuntimeInfo(platform=WINDOWS, version=17.2, build=20.08.2022 16.50)
16:11:25.034 [FXGL Background Thread 3 ] DEBUG Engine               - saveFileExt: sav
16:11:25.034 [FXGL Background Thread 3 ] DEBUG Engine               - scaledHeightProp$fxgl: DoubleProperty [bound, value: 450.0]
16:11:25.034 [FXGL Background Thread 3 ] DEBUG Engine               - scaledWidthProp$fxgl: DoubleProperty [bound, value: 800.0]
16:11:25.034 [FXGL Background Thread 3 ] DEBUG Engine               - sceneFactory: com.almasb.fxgl.app.scene.SceneFactory@63da443f
16:11:25.034 [FXGL Background Thread 3 ] DEBUG Engine               - secondsIn24h: 60
16:11:25.034 [FXGL Background Thread 3 ] DEBUG Engine               - soundMenuBack: menu/back.wav
16:11:25.035 [FXGL Background Thread 3 ] DEBUG Engine               - soundMenuPress: menu/press.wav
16:11:25.035 [FXGL Background Thread 3 ] DEBUG Engine               - soundMenuSelect: menu/select.wav
16:11:25.035 [FXGL Background Thread 3 ] DEBUG Engine               - soundNotification: core/notification.wav
16:11:25.035 [FXGL Background Thread 3 ] DEBUG Engine               - stageStyle: DECORATED
16:11:25.035 [FXGL Background Thread 3 ] DEBUG Engine               - supportedLanguages: [ENGLISH, FRENCH, GERMAN, HUNGARIAN, RUSSIAN]
16:11:25.035 [FXGL Background Thread 3 ] DEBUG Engine               - ticksPerSecond: -1
16:11:25.035 [FXGL Background Thread 3 ] DEBUG Engine               - title: Airport
16:11:25.035 [FXGL Background Thread 3 ] DEBUG Engine               - urlGithub: https://github.com/AlmasB/FXGL
16:11:25.035 [FXGL Background Thread 3 ] DEBUG Engine               - urlLeaderboard: http://fxgl-top.herokuapp.com/
16:11:25.035 [FXGL Background Thread 3 ] DEBUG Engine               - urlPOM: https://raw.githubusercontent.com/AlmasB/FXGL/release/README.md
16:11:25.035 [FXGL Background Thread 3 ] DEBUG Engine               - userAppClass: class com.example.airport.GameStart
16:11:25.035 [FXGL Background Thread 3 ] DEBUG Engine               - version: 0.1
16:11:25.035 [FXGL Background Thread 3 ] DEBUG Engine               - versionCheckDays: 7
16:11:25.035 [FXGL Background Thread 3 ] DEBUG Engine               - width: 800
16:11:25.035 [FXGL Background Thread 3 ] DEBUG Engine               - Logging services
16:11:25.035 [FXGL Background Thread 3 ] DEBUG Engine               - class com.almasb.fxgl.app.services.FXGLAssetLoaderService
16:11:25.035 [FXGL Background Thread 3 ] DEBUG Engine               - class com.almasb.fxgl.app.FXGLApplication$GameApplicationService
16:11:25.035 [FXGL Background Thread 3 ] DEBUG Engine               - class com.almasb.fxgl.app.services.FXGLDialogService
16:11:25.035 [FXGL Background Thread 3 ] DEBUG Engine               - class com.almasb.fxgl.app.services.IOTaskExecutorService
16:11:25.035 [FXGL Background Thread 3 ] DEBUG Engine               - class com.almasb.fxgl.io.FileSystemService
16:11:25.035 [FXGL Background Thread 3 ] DEBUG Engine               - class com.almasb.fxgl.localization.LocalizationService
16:11:25.035 [FXGL Background Thread 3 ] DEBUG Engine               - class com.almasb.fxgl.app.services.SystemBundleService
16:11:25.036 [FXGL Background Thread 3 ] DEBUG Engine               - class com.almasb.fxgl.profile.SaveLoadService
16:11:25.036 [FXGL Background Thread 3 ] DEBUG Engine               - class com.almasb.fxgl.ui.FXGLUIFactoryServiceProvider
16:11:25.036 [FXGL Background Thread 3 ] DEBUG Engine               - class com.almasb.fxgl.ui.FXGLDialogFactoryServiceProvider
16:11:25.036 [FXGL Background Thread 3 ] DEBUG Engine               - class com.almasb.fxgl.audio.AudioPlayer
16:11:25.036 [FXGL Background Thread 3 ] DEBUG Engine               - class com.almasb.fxgl.notification.impl.NotificationServiceProvider
16:11:25.036 [FXGL Background Thread 3 ] DEBUG Engine               - class com.almasb.fxgl.achievement.AchievementService
16:11:25.036 [FXGL Background Thread 3 ] DEBUG Engine               - class com.almasb.fxgl.cutscene.CutsceneService
16:11:25.036 [FXGL Background Thread 3 ] DEBUG Engine               - class com.almasb.fxgl.minigames.MiniGameService
16:11:25.036 [FXGL Background Thread 3 ] DEBUG Engine               - class com.almasb.fxgl.net.NetService
16:11:25.036 [FXGL Background Thread 3 ] DEBUG Engine               - class com.almasb.fxgl.app.services.UpdaterService
16:11:25.036 [FXGL Background Thread 3 ] DEBUG Engine               - class com.almasb.fxgl.dev.DevService
16:11:27.668 [JavaFX Application Thread] DEBUG FXGLAssetLoaderServi - Loading from file system: file:/C:/Users/rever/OneDrive/Documentos/Cuati7/Monitores/airport/target/classes/assets/textures/player.png
16:11:27.671 [JavaFX Application Thread] WARN  GameWorld            - Entity is already attached to world
16:11:29.012 [JavaFX Application Thread] WARN  GameWorld            - Entity is already attached to world
16:11:30.388 [JavaFX Application Thread] WARN  GameWorld            - Entity is already attached to world
16:11:31.315 [JavaFX Application Thread] WARN  GameWorld            - Entity is already attached to world
16:11:31.957 [JavaFX Application Thread] WARN  GameWorld            - Entity is already attached to world
16:11:32.467 [JavaFX Application Thread] WARN  GameWorld            - Entity is already attached to world
16:11:33.635 [JavaFX Application Thread] WARN  GameWorld            - Entity is already attached to world
16:11:33.891 [JavaFX Application Thread] WARN  GameWorld            - Entity is already attached to world
16:11:35.268 [JavaFX Application Thread] WARN  GameWorld            - Entity is already attached to world
16:11:36.131 [JavaFX Application Thread] WARN  GameWorld            - Entity is already attached to world
16:11:37.619 [JavaFX Application Thread] WARN  GameWorld            - Entity is already attached to world
16:11:38.452 [JavaFX Application Thread] WARN  GameWorld            - Entity is already attached to world
16:11:38.931 [JavaFX Application Thread] WARN  GameWorld            - Entity is already attached to world
16:11:41.028 [JavaFX Application Thread] WARN  GameWorld            - Entity is already attached to world
16:11:42.466 [JavaFX Application Thread] WARN  GameWorld            - Entity is already attached to world
16:11:42.484 [JavaFX Application Thread] WARN  GameWorld            - Entity is already attached to world
16:11:42.644 [JavaFX Application Thread] WARN  GameWorld            - Entity is already attached to world
16:11:45.571 [JavaFX Application Thread] WARN  GameWorld            - Entity is already attached to world
16:11:45.619 [JavaFX Application Thread] WARN  GameWorld            - Entity is already attached to world
16:11:46.531 [JavaFX Application Thread] WARN  GameWorld            - Entity is already attached to world
16:11:48.467 [JavaFX Application Thread] WARN  GameWorld            - Entity is already attached to world
16:11:48.850 [JavaFX Application Thread] WARN  GameWorld            - Entity is already attached to world
16:11:49.731 [JavaFX Application Thread] WARN  GameWorld            - Entity is already attached to world
16:11:49.939 [JavaFX Application Thread] WARN  GameWorld            - Entity is already attached to world
16:11:51.795 [JavaFX Application Thread] WARN  GameWorld            - Entity is already attached to world
16:11:52.707 [JavaFX Application Thread] WARN  GameWorld            - Entity is already attached to world
16:11:53.668 [JavaFX Application Thread] WARN  GameWorld            - Entity is already attached to world
16:11:53.891 [JavaFX Application Thread] WARN  GameWorld            - Entity is already attached to world
16:11:56.275 [JavaFX Application Thread] WARN  GameWorld            - Entity is already attached to world
16:11:57.268 [JavaFX Application Thread] DEBUG FXGLApplication      - Exiting FXGL
16:11:57.268 [JavaFX Application Thread] DEBUG LoopRunner           - Stopping loop
16:11:57.268 [JavaFX Application Thread] DEBUG SystemBundleService  - Saving FXGL system data
16:11:57.270 [JavaFX Application Thread] DEBUG FileSystemAccess     - Writing to: C:\Users\rever\OneDrive\Documentos\Cuati7\Monitores\airport\system\fxgl.bundle
16:11:57.271 [JavaFX Application Thread] DEBUG Async                - Shutting down background threads
16:11:57.272 [JavaFX Application Thread] DEBUG PrimaryStageWindow   - Closing main window
16:11:57.283 [JavaFX Application Thread] DEBUG Logger               - Closing Logger
