22:29:08.922 [main                     ] DEBUG Logger               - Configured Logger
22:29:08.961 [main                     ] DEBUG GameApplication      - Logging settings
Title: Airport
Version: 0.1
Width: 800
Height: 450
Fullscreen: false
Intro: false
Profiling: false
Single step:false
App Mode: DEVELOPER
Menu Key: ESCAPE
Stage Style: DECORATED
Scene Factory: class com.almasb.fxgl.app.scene.SceneFactory

22:29:09.398 [JavaFX Application Thread] DEBUG FXGLApplication      - Initializing FXGL
22:29:09.405 [JavaFX Application Thread] INFO  Engine               - FXGL-17.2 (20.08.2022 16.50) on WINDOWS (J:17.0.9 FX:17.0.2-ea)
22:29:09.406 [JavaFX Application Thread] DEBUG Engine               - JRE Vendor Name: Amazon.com Inc.
22:29:09.406 [JavaFX Application Thread] DEBUG Engine               - Running on OS: Windows 11 version 10.0
22:29:09.406 [JavaFX Application Thread] DEBUG Engine               - Architecture: amd64
22:29:09.406 [JavaFX Application Thread] INFO  Engine               - Source code and latest versions at: https://github.com/AlmasB/FXGL
22:29:09.406 [JavaFX Application Thread] INFO  Engine               -       Ask questions and discuss at: https://github.com/AlmasB/FXGL/discussions
22:29:09.406 [JavaFX Application Thread] INFO  Engine               -              Join the FXGL chat at: https://gitter.im/AlmasB/FXGL
22:29:09.512 [JavaFX Application Thread] DEBUG PrimaryStageWindow   - Creating a JavaFX scene
22:29:09.571 [JavaFX Application Thread] DEBUG PrimaryStageWindow   - Target settings size: 800.0 x 450.0
22:29:09.571 [JavaFX Application Thread] DEBUG PrimaryStageWindow   - Scaled scene size:    800.0 x 450.0
22:29:09.571 [JavaFX Application Thread] DEBUG PrimaryStageWindow   - Scaled ratio: (1.0, 1.0)
22:29:09.572 [JavaFX Application Thread] DEBUG PrimaryStageWindow   - Set initial scene to FXGLStartupScene
22:29:09.581 [JavaFX Application Thread] DEBUG PrimaryStageWindow   - Opening main window
22:29:09.695 [JavaFX Application Thread] DEBUG PrimaryStageWindow   - Window border size: (14.4000244140625, 38.0)
22:29:09.695 [JavaFX Application Thread] DEBUG PrimaryStageWindow   - Scaled size: 800.0 x 450.0
22:29:09.695 [JavaFX Application Thread] DEBUG PrimaryStageWindow   - Scaled ratio: (1.0, 1.0)
22:29:09.697 [JavaFX Application Thread] DEBUG PrimaryStageWindow   - Scene size: 800.0 x 450.0
22:29:09.697 [JavaFX Application Thread] DEBUG PrimaryStageWindow   - Stage size: 814.4000244140625 x 488.0
22:29:09.707 [FXGL Background Thread 1 ] DEBUG Engine               - Initializing environment variables
22:29:09.757 [FXGL Background Thread 1 ] DEBUG FXGLAssetLoaderServi - User app class for loading assets: class com.example.airport.GameStart
22:29:09.757 [FXGL Background Thread 1 ] DEBUG GameApplicationServi - Applying CSS: fxgl_dark.css
22:29:09.758 [FXGL Background Thread 1 ] DEBUG FXGLAssetLoaderServi - Loading from file system: jar:file:///C:/Users/darin/.m2/repository/com/github/almasb/fxgl/17.2/fxgl-17.2.jar!/fxglassets/ui/css/fxgl_dark.css
22:29:09.816 [FXGL Background Thread 1 ] DEBUG GameApplicationServi - Initializing application scenes
22:29:09.896 [FXGL Background Thread 1 ] DEBUG GameWorld            - Game world initialized
22:29:09.978 [FXGL Background Thread 1 ] DEBUG PhysicsWorld         - Physics world initialized: appHeight=450, physics.ppm=50.0
22:29:09.978 [FXGL Background Thread 1 ] DEBUG PhysicsWorld         - Using strategy: BRUTE_FORCE
22:29:09.985 [FXGL Background Thread 1 ] DEBUG GameScene            - Game scene initialized: 800x450
22:29:10.001 [FXGL Background Thread 1 ] WARN  FXGL.DefaultMenu     - FXGLDefaultMenu is not designed for resolutions < 800x600
22:29:10.001 [FXGL Background Thread 1 ] DEBUG FXGL.DefaultMenu     - createMenuBodyMainMenu()
22:29:10.020 [FXGL Background Thread 1 ] DEBUG FXGL.DefaultMenu     - createOptionsMenu()
22:29:10.040 [FXGL Background Thread 1 ] DEBUG FXGLAssetLoaderServi - Loading from file system: jar:file:///C:/Users/darin/.m2/repository/com/github/almasb/fxgl/17.2/fxgl-17.2.jar!/fxglassets/textures/particles/smoke.png
22:29:10.180 [FXGL Background Thread 1 ] DEBUG FXGLAssetLoaderServi - Loading from file system: jar:file:///C:/Users/darin/.m2/repository/com/github/almasb/fxgl/17.2/fxgl-17.2.jar!/fxglassets/textures/particles/trace_horizontal.png
22:29:10.229 [FXGL Background Thread 1 ] WARN  FXGL.DefaultMenu     - FXGLDefaultMenu is not designed for resolutions < 800x600
22:29:10.229 [FXGL Background Thread 1 ] DEBUG FXGL.DefaultMenu     - createMenuBodyGameMenu()
22:29:10.232 [FXGL Background Thread 1 ] DEBUG FXGL.DefaultMenu     - createOptionsMenu()
22:29:10.249 [FXGL Background Thread 1 ] DEBUG GameApplicationServi - Application scenes initialized
22:29:10.263 [FXGL Background Thread 1 ] DEBUG SystemBundleService  - Loading FXGL system data
22:29:10.271 [FXGL Background Thread 1 ] DEBUG FileSystemAccess     - Reading from: C:\Users\darin\Desktop\Darinel\Programacion\airport\system\fxgl.bundle
22:29:10.284 [FXGL Background Thread 1 ] DEBUG SystemBundleService  - Bundle FXGL: {}
22:29:10.284 [FXGL Background Thread 1 ] DEBUG UpdaterService       - Checking for updates
22:29:10.293 [FXGL Background Thread 4 ] DEBUG FXGLApplication      - Loading fonts
22:29:10.294 [FXGL Background Thread 1 ] DEBUG FXGLApplication      - Loading default localization
22:29:10.294 [FXGL Background Thread 4 ] DEBUG FXGLAssetLoaderServi - Loading from file system: jar:file:///C:/Users/darin/.m2/repository/com/github/almasb/fxgl/17.2/fxgl-17.2.jar!/fxglassets/ui/fonts/VarelaRound-Regular.ttf
22:29:10.297 [FXGL Background Thread 1 ] DEBUG FXGLAssetLoaderServi - Loading from file system: jar:file:///C:/Users/darin/.m2/repository/com/github/almasb/fxgl/17.2/fxgl-17.2.jar!/fxglassets/languages/english.lang
22:29:10.356 [FXGL Background Thread 1 ] INFO  FXGLApplication      - FXGL initialization took: 0.648 sec
22:29:10.358 [JavaFX Application Thread] DEBUG FXGLAssetLoaderServi - Loading from file system: jar:file:///C:/Users/darin/.m2/repository/com/github/almasb/fxgl/17.2/fxgl-17.2.jar!/fxglassets/textures/fxgl_icon.png
22:29:10.406 [JavaFX Application Thread] DEBUG FXGLAssetLoaderServi - Loading from file system: jar:file:///C:/Users/darin/.m2/repository/com/github/almasb/fxgl/17.2/fxgl-17.2.jar!/fxglassets/textures/fxgl_default_cursor.png
22:29:10.443 [JavaFX Application Thread] DEBUG Input                - Registered new binding: Screenshot - CTRL+8
22:29:10.445 [JavaFX Application Thread] DEBUG Input                - Registered new binding: System info dump - CTRL+9
22:29:10.447 [JavaFX Application Thread] DEBUG Input                - Registered new binding: Restart - CTRL+R
22:29:10.450 [FXGL Background Thread 4 ] DEBUG FXGLAssetLoaderServi - Loading from file system: jar:file:///C:/Users/darin/.m2/repository/com/github/almasb/fxgl/17.2/fxgl-17.2.jar!/fxglassets/ui/fonts/Abel-Regular.ttf
22:29:10.451 [JavaFX Application Thread] DEBUG Input                - Registered new binding: Toggle Debug Camera - CTRL+7
22:29:10.458 [JavaFX Application Thread] DEBUG LoopRunner           - Starting loop
22:29:10.458 [JavaFX Application Thread] DEBUG LoopRunner           - Initializing JavaFX AnimationTimerLoop
22:29:10.464 [FXGL Background Thread 4 ] DEBUG FXGLAssetLoaderServi - Loading from file system: jar:file:///C:/Users/darin/.m2/repository/com/github/almasb/fxgl/17.2/fxgl-17.2.jar!/fxglassets/ui/fonts/TerminalLandMono-Regular.otf
22:29:10.466 [JavaFX Application Thread] DEBUG Input                - Clearing active input actions
22:29:10.476 [JavaFX Application Thread] DEBUG GameApplicationServi - Removing overlay from FXGLStartupScene and adding to FXGLMainMenuDummyScene
22:29:10.477 [JavaFX Application Thread] DEBUG PrimaryStageWindow   - FXGLStartupScene -> FXGLMainMenuDummyScene
22:29:10.477 [JavaFX Application Thread] DEBUG PrimaryStageWindow   - Push state: FXGLDefaultMenu
22:29:10.478 [FXGL Background Thread 4 ] DEBUG FXGLAssetLoaderServi - Loading from file system: jar:file:///C:/Users/darin/.m2/repository/com/github/almasb/fxgl/17.2/fxgl-17.2.jar!/fxglassets/ui/fonts/Courier-Prime.ttf
22:29:10.503 [JavaFX Application Thread] DEBUG Input                - Clearing active input actions
22:29:10.516 [JavaFX Application Thread] DEBUG GameApplicationServi - Removing overlay from FXGLMainMenuDummyScene and adding to FXGLDefaultMenu
22:29:10.517 [JavaFX Application Thread] DEBUG PrimaryStageWindow   - FXGLMainMenuDummyScene -> FXGLDefaultMenu
22:29:10.644 [JavaFX Application Thread] DEBUG FXGLApplication      - Registering font factories with UI factory
22:29:11.077 [FXGL Background Thread 2 ] INFO  UpdaterService       - Your current version:  17.2
22:29:11.077 [FXGL Background Thread 2 ] INFO  UpdaterService       - Latest stable version: 17.3
22:29:12.303 [JavaFX Application Thread] DEBUG Menu                 - fireNewGame()
22:29:12.303 [JavaFX Application Thread] DEBUG GameApplicationServi - Starting new game
22:29:12.306 [JavaFX Application Thread] DEBUG PrimaryStageWindow   - Pop state: FXGLDefaultMenu
22:29:12.306 [JavaFX Application Thread] DEBUG Input                - Clearing active input actions
22:29:12.307 [JavaFX Application Thread] DEBUG GameApplicationServi - Removing overlay from FXGLDefaultMenu and adding to FXGLMainMenuDummyScene
22:29:12.307 [JavaFX Application Thread] DEBUG PrimaryStageWindow   - FXGLMainMenuDummyScene <- FXGLDefaultMenu
22:29:12.308 [JavaFX Application Thread] DEBUG Input                - Clearing active input actions
22:29:12.316 [JavaFX Application Thread] DEBUG GameApplicationServi - Removing overlay from FXGLMainMenuDummyScene and adding to FXGLLoadingScene
22:29:12.316 [JavaFX Application Thread] DEBUG PrimaryStageWindow   - FXGLMainMenuDummyScene -> FXGLLoadingScene
22:29:12.317 [JavaFX Application Thread] DEBUG GameApplicationServi - Clearing previous game
22:29:12.317 [JavaFX Application Thread] DEBUG GameScene            - Clearing game scene
22:29:12.317 [JavaFX Application Thread] DEBUG GameWorld            - Clearing game world
22:29:12.317 [JavaFX Application Thread] DEBUG PhysicsWorld         - Clearing physics world
22:29:12.321 [FXGL Background Thread 2 ] DEBUG FXGLApplication      - Initializing game
22:29:12.381 [FXGL Background Thread 2 ] DEBUG FXGLAssetLoaderServi - Loading from file system: file:/C:/Users/darin/Desktop/Darinel/Programacion/airport/target/classes/assets/textures/ticketSeller.png
22:29:12.390 [FXGL Background Thread 2 ] DEBUG FXGLAssetLoaderServi - Loading from file system: file:/C:/Users/darin/Desktop/Darinel/Programacion/airport/target/classes/assets/textures/corruptPerson.png
22:29:12.393 [FXGL Background Thread 2 ] WARN  GameWorld            - Entity is already attached to world
22:29:12.396 [FXGL Background Thread 2 ] DEBUG FXGLAssetLoaderServi - Loading from file system: file:/C:/Users/darin/Desktop/Darinel/Programacion/airport/target/classes/assets/textures/background.png
22:29:12.408 [FXGL Background Thread 2 ] INFO  FXGLApplication      - Game initialization took: 0.087 sec
22:29:12.409 [JavaFX Application Thread] DEBUG Input                - Clearing active input actions
22:29:12.414 [JavaFX Application Thread] DEBUG GameApplicationServi - Removing overlay from FXGLLoadingScene and adding to GameScene
22:29:12.415 [JavaFX Application Thread] DEBUG PrimaryStageWindow   - FXGLLoadingScene -> GameScene
22:29:13.291 [FXGL Background Thread 3 ] DEBUG Engine               - Logging environment variables
22:29:13.291 [FXGL Background Thread 3 ] DEBUG Engine               - achievements: []
22:29:13.291 [FXGL Background Thread 3 ] DEBUG Engine               - actualHeight: 450.0
22:29:13.291 [FXGL Background Thread 3 ] DEBUG Engine               - actualHeightProperty: ReadOnlyDoubleProperty [value: 450.0]
22:29:13.293 [FXGL Background Thread 3 ] DEBUG Engine               - actualWidth: 800.0
22:29:13.293 [FXGL Background Thread 3 ] DEBUG Engine               - actualWidthProperty: ReadOnlyDoubleProperty [value: 800.0]
22:29:13.293 [FXGL Background Thread 3 ] DEBUG Engine               - appIcon: fxgl_icon.png
22:29:13.293 [FXGL Background Thread 3 ] DEBUG Engine               - applicationMode: DEVELOPER
22:29:13.293 [FXGL Background Thread 3 ] DEBUG Engine               - cSSList: [fxgl_dark.css]
22:29:13.293 [FXGL Background Thread 3 ] DEBUG Engine               - collisionDetectionStrategy: BRUTE_FORCE
22:29:13.293 [FXGL Background Thread 3 ] DEBUG Engine               - configClass: Optional.empty
22:29:13.293 [FXGL Background Thread 3 ] DEBUG Engine               - credits: []
22:29:13.293 [FXGL Background Thread 3 ] DEBUG Engine               - defaultCursor: CursorInfo(imageName=fxgl_default_cursor.png, hotspotX=7.0, hotspotY=6.0)
22:29:13.294 [FXGL Background Thread 3 ] DEBUG Engine               - devBBoxColorProperty: ObjectProperty [value: 0xff0000ff]
22:29:13.294 [FXGL Background Thread 3 ] DEBUG Engine               - devEnableDebugCameraProperty: BooleanProperty [value: false]
22:29:13.294 [FXGL Background Thread 3 ] DEBUG Engine               - devSensorColorProperty: ObjectProperty [value: 0xffff00ff]
22:29:13.294 [FXGL Background Thread 3 ] DEBUG Engine               - devShowBBoxProperty: BooleanProperty [value: false]
22:29:13.294 [FXGL Background Thread 3 ] DEBUG Engine               - devShowPositionProperty: BooleanProperty [value: false]
22:29:13.294 [FXGL Background Thread 3 ] DEBUG Engine               - enabledMenuItems: []
22:29:13.294 [FXGL Background Thread 3 ] DEBUG Engine               - engineServices: [class com.almasb.fxgl.app.services.FXGLAssetLoaderService, class com.almasb.fxgl.app.FXGLApplication$GameApplicationService, class com.almasb.fxgl.app.services.FXGLDialogService, class com.almasb.fxgl.app.services.IOTaskExecutorService, class com.almasb.fxgl.io.FileSystemService, class com.almasb.fxgl.localization.LocalizationService, class com.almasb.fxgl.app.services.SystemBundleService, class com.almasb.fxgl.profile.SaveLoadService, class com.almasb.fxgl.ui.FXGLUIFactoryServiceProvider, class com.almasb.fxgl.ui.FXGLDialogFactoryServiceProvider, class com.almasb.fxgl.audio.AudioPlayer, class com.almasb.fxgl.notification.impl.NotificationServiceProvider, class com.almasb.fxgl.achievement.AchievementService, class com.almasb.fxgl.cutscene.CutsceneService, class com.almasb.fxgl.minigames.MiniGameService, class com.almasb.fxgl.net.NetService, class com.almasb.fxgl.app.services.UpdaterService, class com.almasb.fxgl.dev.DevService]
22:29:13.294 [FXGL Background Thread 3 ] DEBUG Engine               - fontGame: Abel-Regular.ttf
22:29:13.294 [FXGL Background Thread 3 ] DEBUG Engine               - fontMono: TerminalLandMono-Regular.otf
22:29:13.294 [FXGL Background Thread 3 ] DEBUG Engine               - fontText: Courier-Prime.ttf
22:29:13.294 [FXGL Background Thread 3 ] DEBUG Engine               - fontUI: VarelaRound-Regular.ttf
22:29:13.294 [FXGL Background Thread 3 ] DEBUG Engine               - fullScreen: BooleanProperty [value: false]
22:29:13.294 [FXGL Background Thread 3 ] DEBUG Engine               - gameDifficulty: MEDIUM
22:29:13.295 [FXGL Background Thread 3 ] DEBUG Engine               - gameDifficultyProperty: ObjectProperty [value: MEDIUM]
22:29:13.295 [FXGL Background Thread 3 ] DEBUG Engine               - globalMusicVolume: 0.5
22:29:13.295 [FXGL Background Thread 3 ] DEBUG Engine               - globalMusicVolumeProperty: DoubleProperty [value: 0.5]
22:29:13.295 [FXGL Background Thread 3 ] DEBUG Engine               - globalSoundVolume: 0.5
22:29:13.295 [FXGL Background Thread 3 ] DEBUG Engine               - globalSoundVolumeProperty: DoubleProperty [value: 0.5]
22:29:13.295 [FXGL Background Thread 3 ] DEBUG Engine               - height: 450
22:29:13.295 [FXGL Background Thread 3 ] DEBUG Engine               - is3D: false
22:29:13.295 [FXGL Background Thread 3 ] DEBUG Engine               - isAndroid: false
22:29:13.295 [FXGL Background Thread 3 ] DEBUG Engine               - isBrowser: false
22:29:13.296 [FXGL Background Thread 3 ] DEBUG Engine               - isClickFeedbackEnabled: false
22:29:13.296 [FXGL Background Thread 3 ] DEBUG Engine               - isCloseConfirmation: false
22:29:13.296 [FXGL Background Thread 3 ] DEBUG Engine               - isDesktop: true
22:29:13.296 [FXGL Background Thread 3 ] DEBUG Engine               - isDeveloperMenuEnabled: false
22:29:13.297 [FXGL Background Thread 3 ] DEBUG Engine               - isEmbedded: false
22:29:13.297 [FXGL Background Thread 3 ] DEBUG Engine               - isEntityPreloadEnabled: true
22:29:13.297 [FXGL Background Thread 3 ] DEBUG Engine               - isExperimentalTiledLargeMap: false
22:29:13.297 [FXGL Background Thread 3 ] DEBUG Engine               - isFileSystemWriteAllowed: true
22:29:13.297 [FXGL Background Thread 3 ] DEBUG Engine               - isFullScreenAllowed: false
22:29:13.297 [FXGL Background Thread 3 ] DEBUG Engine               - isFullScreenFromStart: false
22:29:13.297 [FXGL Background Thread 3 ] DEBUG Engine               - isGameMenuEnabled: true
22:29:13.297 [FXGL Background Thread 3 ] DEBUG Engine               - isIOS: false
22:29:13.297 [FXGL Background Thread 3 ] DEBUG Engine               - isIntroEnabled: false
22:29:13.297 [FXGL Background Thread 3 ] DEBUG Engine               - isLinux: false
22:29:13.297 [FXGL Background Thread 3 ] DEBUG Engine               - isMac: false
22:29:13.297 [FXGL Background Thread 3 ] DEBUG Engine               - isMainMenuEnabled: true
22:29:13.297 [FXGL Background Thread 3 ] DEBUG Engine               - isManualResizeEnabled: false
22:29:13.297 [FXGL Background Thread 3 ] DEBUG Engine               - isMobile: false
22:29:13.297 [FXGL Background Thread 3 ] DEBUG Engine               - isNative: false
22:29:13.297 [FXGL Background Thread 3 ] DEBUG Engine               - isPauseMusicWhenMinimized: true
22:29:13.297 [FXGL Background Thread 3 ] DEBUG Engine               - isPreserveResizeRatio: false
22:29:13.297 [FXGL Background Thread 3 ] DEBUG Engine               - isProfilingEnabled: false
22:29:13.297 [FXGL Background Thread 3 ] DEBUG Engine               - isScaleAffectedOnResize: true
22:29:13.297 [FXGL Background Thread 3 ] DEBUG Engine               - isSingleStep: false
22:29:13.297 [FXGL Background Thread 3 ] DEBUG Engine               - isUserProfileEnabled: false
22:29:13.297 [FXGL Background Thread 3 ] DEBUG Engine               - isWindows: true
22:29:13.297 [FXGL Background Thread 3 ] DEBUG Engine               - language: ObjectProperty [value: ENGLISH]
22:29:13.297 [FXGL Background Thread 3 ] DEBUG Engine               - menuKey: ESCAPE
22:29:13.299 [FXGL Background Thread 3 ] DEBUG Engine               - mouseSensitivity: 0.2
22:29:13.299 [FXGL Background Thread 3 ] DEBUG Engine               - notificationViewClass: class com.almasb.fxgl.notification.view.XboxNotificationView
22:29:13.299 [FXGL Background Thread 3 ] DEBUG Engine               - pixelsPerMeter: 50.0
22:29:13.299 [FXGL Background Thread 3 ] DEBUG Engine               - platform: WINDOWS
22:29:13.299 [FXGL Background Thread 3 ] DEBUG Engine               - prefHeightProperty: ReadOnlyDoubleProperty [value: 450.0]
22:29:13.299 [FXGL Background Thread 3 ] DEBUG Engine               - prefWidthProperty: ReadOnlyDoubleProperty [value: 800.0]
22:29:13.299 [FXGL Background Thread 3 ] DEBUG Engine               - profileDir: profiles/
22:29:13.299 [FXGL Background Thread 3 ] DEBUG Engine               - profileName: StringProperty [value: DEFAULT]
22:29:13.299 [FXGL Background Thread 3 ] DEBUG Engine               - randomSeed: -1
22:29:13.299 [FXGL Background Thread 3 ] DEBUG Engine               - runtimeInfo: RuntimeInfo(platform=WINDOWS, version=17.2, build=20.08.2022 16.50)
22:29:13.300 [FXGL Background Thread 3 ] DEBUG Engine               - saveFileExt: sav
22:29:13.300 [FXGL Background Thread 3 ] DEBUG Engine               - scaledHeightProp$fxgl: DoubleProperty [bound, value: 450.0]
22:29:13.300 [FXGL Background Thread 3 ] DEBUG Engine               - scaledWidthProp$fxgl: DoubleProperty [bound, value: 800.0]
22:29:13.300 [FXGL Background Thread 3 ] DEBUG Engine               - sceneFactory: com.almasb.fxgl.app.scene.SceneFactory@5e53335a
22:29:13.300 [FXGL Background Thread 3 ] DEBUG Engine               - secondsIn24h: 60
22:29:13.300 [FXGL Background Thread 3 ] DEBUG Engine               - soundMenuBack: menu/back.wav
22:29:13.300 [FXGL Background Thread 3 ] DEBUG Engine               - soundMenuPress: menu/press.wav
22:29:13.300 [FXGL Background Thread 3 ] DEBUG Engine               - soundMenuSelect: menu/select.wav
22:29:13.300 [FXGL Background Thread 3 ] DEBUG Engine               - soundNotification: core/notification.wav
22:29:13.300 [FXGL Background Thread 3 ] DEBUG Engine               - stageStyle: DECORATED
22:29:13.300 [FXGL Background Thread 3 ] DEBUG Engine               - supportedLanguages: [ENGLISH, FRENCH, GERMAN, HUNGARIAN, RUSSIAN]
22:29:13.300 [FXGL Background Thread 3 ] DEBUG Engine               - ticksPerSecond: -1
22:29:13.300 [FXGL Background Thread 3 ] DEBUG Engine               - title: Airport
22:29:13.300 [FXGL Background Thread 3 ] DEBUG Engine               - urlGithub: https://github.com/AlmasB/FXGL
22:29:13.300 [FXGL Background Thread 3 ] DEBUG Engine               - urlLeaderboard: http://fxgl-top.herokuapp.com/
22:29:13.300 [FXGL Background Thread 3 ] DEBUG Engine               - urlPOM: https://raw.githubusercontent.com/AlmasB/FXGL/release/README.md
22:29:13.301 [FXGL Background Thread 3 ] DEBUG Engine               - userAppClass: class com.example.airport.GameStart
22:29:13.301 [FXGL Background Thread 3 ] DEBUG Engine               - version: 0.1
22:29:13.301 [FXGL Background Thread 3 ] DEBUG Engine               - versionCheckDays: 7
22:29:13.301 [FXGL Background Thread 3 ] DEBUG Engine               - width: 800
22:29:13.301 [FXGL Background Thread 3 ] DEBUG Engine               - Logging services
22:29:13.301 [FXGL Background Thread 3 ] DEBUG Engine               - class com.almasb.fxgl.app.services.FXGLAssetLoaderService
22:29:13.301 [FXGL Background Thread 3 ] DEBUG Engine               - class com.almasb.fxgl.app.FXGLApplication$GameApplicationService
22:29:13.301 [FXGL Background Thread 3 ] DEBUG Engine               - class com.almasb.fxgl.app.services.FXGLDialogService
22:29:13.301 [FXGL Background Thread 3 ] DEBUG Engine               - class com.almasb.fxgl.app.services.IOTaskExecutorService
22:29:13.301 [FXGL Background Thread 3 ] DEBUG Engine               - class com.almasb.fxgl.io.FileSystemService
22:29:13.301 [FXGL Background Thread 3 ] DEBUG Engine               - class com.almasb.fxgl.localization.LocalizationService
22:29:13.301 [FXGL Background Thread 3 ] DEBUG Engine               - class com.almasb.fxgl.app.services.SystemBundleService
22:29:13.302 [FXGL Background Thread 3 ] DEBUG Engine               - class com.almasb.fxgl.profile.SaveLoadService
22:29:13.302 [FXGL Background Thread 3 ] DEBUG Engine               - class com.almasb.fxgl.ui.FXGLUIFactoryServiceProvider
22:29:13.302 [FXGL Background Thread 3 ] DEBUG Engine               - class com.almasb.fxgl.ui.FXGLDialogFactoryServiceProvider
22:29:13.302 [FXGL Background Thread 3 ] DEBUG Engine               - class com.almasb.fxgl.audio.AudioPlayer
22:29:13.302 [FXGL Background Thread 3 ] DEBUG Engine               - class com.almasb.fxgl.notification.impl.NotificationServiceProvider
22:29:13.302 [FXGL Background Thread 3 ] DEBUG Engine               - class com.almasb.fxgl.achievement.AchievementService
22:29:13.302 [FXGL Background Thread 3 ] DEBUG Engine               - class com.almasb.fxgl.cutscene.CutsceneService
22:29:13.302 [FXGL Background Thread 3 ] DEBUG Engine               - class com.almasb.fxgl.minigames.MiniGameService
22:29:13.302 [FXGL Background Thread 3 ] DEBUG Engine               - class com.almasb.fxgl.net.NetService
22:29:13.302 [FXGL Background Thread 3 ] DEBUG Engine               - class com.almasb.fxgl.app.services.UpdaterService
22:29:13.302 [FXGL Background Thread 3 ] DEBUG Engine               - class com.almasb.fxgl.dev.DevService
22:29:18.298 [JavaFX Application Thread] DEBUG FXGLAssetLoaderServi - Loading from file system: file:/C:/Users/darin/Desktop/Darinel/Programacion/airport/target/classes/assets/textures/player.png
22:29:18.303 [JavaFX Application Thread] WARN  GameWorld            - Entity is already attached to world
22:29:19.946 [JavaFX Application Thread] WARN  GameWorld            - Entity is already attached to world
22:29:20.747 [JavaFX Application Thread] WARN  GameWorld            - Entity is already attached to world
22:29:20.764 [JavaFX Application Thread] WARN  GameWorld            - Entity is already attached to world
22:29:20.767 [JavaFX Application Thread] WARN  GameWorld            - Entity is already attached to world
22:29:23.258 [JavaFX Application Thread] WARN  GameWorld            - Entity is already attached to world
22:29:23.866 [JavaFX Application Thread] WARN  GameWorld            - Entity is already attached to world
22:29:24.090 [JavaFX Application Thread] WARN  GameWorld            - Entity is already attached to world
22:29:25.066 [JavaFX Application Thread] WARN  GameWorld            - Entity is already attached to world
22:29:26.378 [JavaFX Application Thread] WARN  GameWorld            - Entity is already attached to world
22:29:27.082 [JavaFX Application Thread] WARN  GameWorld            - Entity is already attached to world
22:29:28.122 [JavaFX Application Thread] WARN  GameWorld            - Entity is already attached to world
22:29:28.698 [JavaFX Application Thread] WARN  GameWorld            - Entity is already attached to world
22:29:29.546 [JavaFX Application Thread] WARN  GameWorld            - Entity is already attached to world
22:29:32.186 [JavaFX Application Thread] WARN  GameWorld            - Entity is already attached to world
22:29:32.442 [JavaFX Application Thread] WARN  GameWorld            - Entity is already attached to world
22:29:33.003 [JavaFX Application Thread] WARN  GameWorld            - Entity is already attached to world
22:29:35.066 [JavaFX Application Thread] WARN  GameWorld            - Entity is already attached to world
22:29:35.070 [JavaFX Application Thread] WARN  GameWorld            - Entity is already attached to world
22:29:36.378 [JavaFX Application Thread] WARN  GameWorld            - Entity is already attached to world
22:29:37.531 [JavaFX Application Thread] WARN  GameWorld            - Entity is already attached to world
22:29:37.834 [JavaFX Application Thread] WARN  GameWorld            - Entity is already attached to world
22:29:40.491 [JavaFX Application Thread] WARN  GameWorld            - Entity is already attached to world
22:29:41.018 [JavaFX Application Thread] WARN  GameWorld            - Entity is already attached to world
22:29:41.690 [JavaFX Application Thread] WARN  GameWorld            - Entity is already attached to world
22:29:42.907 [JavaFX Application Thread] WARN  GameWorld            - Entity is already attached to world
22:29:43.179 [JavaFX Application Thread] WARN  GameWorld            - Entity is already attached to world
22:29:43.642 [JavaFX Application Thread] WARN  GameWorld            - Entity is already attached to world
22:29:45.466 [JavaFX Application Thread] WARN  GameWorld            - Entity is already attached to world
22:29:46.073 [JavaFX Application Thread] WARN  GameWorld            - Entity is already attached to world
22:30:00.206 [JavaFX Application Thread] DEBUG FXGLApplication      - Exiting FXGL
22:30:00.206 [JavaFX Application Thread] DEBUG LoopRunner           - Stopping loop
22:30:00.206 [JavaFX Application Thread] DEBUG SystemBundleService  - Saving FXGL system data
22:30:00.208 [JavaFX Application Thread] DEBUG FileSystemAccess     - Writing to: C:\Users\darin\Desktop\Darinel\Programacion\airport\system\fxgl.bundle
22:30:00.210 [JavaFX Application Thread] DEBUG Async                - Shutting down background threads
22:30:00.210 [JavaFX Application Thread] DEBUG PrimaryStageWindow   - Closing main window
22:30:00.233 [JavaFX Application Thread] DEBUG Logger               - Closing Logger
